[01:24:39] [main/INFO]: Environment: authHost='https://authserver.mojang.com', accountsHost='https://api.mojang.com', sessionHost='https://sessionserver.mojang.com', servicesHost='https://api.minecraftservices.com', name='PROD'
[01:24:40] [main/WARN]: Ambiguity between arguments [teleport, destination] and [teleport, targets] with inputs: [Player, 0123, @e, dd12be42-52a9-4a91-a8a1-11c01849e498]
[01:24:40] [main/WARN]: Ambiguity between arguments [teleport, location] and [teleport, destination] with inputs: [0.1 -0.5 .9, 0 0 0]
[01:24:40] [main/WARN]: Ambiguity between arguments [teleport, location] and [teleport, targets] with inputs: [0.1 -0.5 .9, 0 0 0]
[01:24:40] [main/WARN]: Ambiguity between arguments [teleport, targets] and [teleport, destination] with inputs: [Player, 0123, dd12be42-52a9-4a91-a8a1-11c01849e498]
[01:24:40] [main/WARN]: Ambiguity between arguments [teleport, targets, location] and [teleport, targets, destination] with inputs: [0.1 -0.5 .9, 0 0 0]
[01:24:40] [main/INFO]: Reloading ResourceManager: Default
[01:24:41] [Worker-Main-4/INFO]: Loaded 7 recipes
[01:24:41] [Worker-Main-4/INFO]: Loaded 927 advancements
[01:24:44] [Server thread/INFO]: Starting minecraft server version 1.16.5
[01:24:44] [Server thread/INFO]: Loading properties
[01:24:44] [Server thread/INFO]: Default game type: SURVIVAL
[01:24:44] [Server thread/INFO]: Generating keypair
[01:24:44] [Server thread/INFO]: Starting Minecraft server on *:25565
[01:24:44] [Server thread/INFO]: Using epoll channel type
[01:24:44] [Server thread/WARN]: **** SERVER IS RUNNING IN OFFLINE/INSECURE MODE!
[01:24:44] [Server thread/WARN]: The server will make no attempt to authenticate usernames. Beware.
[01:24:44] [Server thread/WARN]: While this makes the game possible to play without internet access, it also opens up the ability for hackers to connect with any username they choose.
[01:24:44] [Server thread/WARN]: To change this, set "online-mode" to "true" in the server.properties file.
[01:24:44] [Server thread/INFO]: Preparing level "world"
[01:24:45] [Server thread/INFO]: Preparing start region for dimension minecraft:overworld
[01:24:46] [Server thread/INFO]: Preparing spawn area: 0%
[01:24:46] [Server thread/INFO]: Preparing spawn area: 0%
[01:24:46] [Server thread/INFO]: Preparing spawn area: 0%
[01:24:46] [Server thread/INFO]: Preparing spawn area: 0%
[01:24:47] [Server thread/INFO]: Preparing spawn area: 58%
[01:24:50] [Worker-Main-5/INFO]: Preparing spawn area: 83%
[01:24:50] [Worker-Main-4/INFO]: Preparing spawn area: 83%
[01:24:50] [Worker-Main-4/INFO]: Preparing spawn area: 83%
[01:24:50] [Worker-Main-4/INFO]: Preparing spawn area: 83%
[01:24:50] [Worker-Main-4/INFO]: Preparing spawn area: 83%
[01:24:50] [Worker-Main-4/INFO]: Preparing spawn area: 83%
[01:24:50] [Server thread/INFO]: Preparing spawn area: 83%
[01:24:51] [Worker-Main-4/INFO]: Preparing spawn area: 99%
[01:24:51] [Server thread/INFO]: Time elapsed: 6230 ms
[01:24:51] [Server thread/INFO]: Done (6.381s)! For help, type "help"
[01:24:56] [Server thread/INFO]: Black_insnillo[/127.145.87.192:35943] logged in with entity id 24 at (625.4658599210354, 68.9375, -695.5909880359317)
[01:24:56] [Server thread/INFO]: Black_insnillo joined the game
